Using pre-set license
Built from '2022.3/staging' branch; Version is '2022.3.59f1 (630718f645a5) revision 6489880'; Using compiler version '192829333'; Build Type 'Release'
OS: 'Windows 10  (10.0.19045) 64bit Core' Language: 'en' Physical Memory: 32489 MB
BatchMode: 1, IsHumanControllingUs: 0, StartBugReporterOnCrash: 0, Is64bit: 1, IsPro: 1

COMMAND LINE ARGUMENTS:
C:\Program Files\Unity\Hub\Editor\2022.3.59f1\Editor\Unity.exe
-adb2
-batchMode
-noUpm
-name
AssetImportWorker11
-projectPath
C:/Users/pichu/FinalProjectRepo/FinalProjectAM
-logFile
Logs/AssetImportWorker11.log
-srvPort
51954
Successfully changed project path to: C:/Users/pichu/FinalProjectRepo/FinalProjectAM
C:/Users/pichu/FinalProjectRepo/FinalProjectAM
[UnityMemory] Configuration Parameters - Can be set up in boot.config
    "memorysetup-bucket-allocator-granularity=16"
    "memorysetup-bucket-allocator-bucket-count=8"
    "memorysetup-bucket-allocator-block-size=33554432"
    "memorysetup-bucket-allocator-block-count=8"
    "memorysetup-main-allocator-block-size=16777216"
    "memorysetup-thread-allocator-block-size=16777216"
    "memorysetup-gfx-main-allocator-block-size=16777216"
    "memorysetup-gfx-thread-allocator-block-size=16777216"
    "memorysetup-cache-allocator-block-size=4194304"
    "memorysetup-typetree-allocator-block-size=2097152"
    "memorysetup-profiler-bucket-allocator-granularity=16"
    "memorysetup-profiler-bucket-allocator-bucket-count=8"
    "memorysetup-profiler-bucket-allocator-block-size=33554432"
    "memorysetup-profiler-bucket-allocator-block-count=8"
    "memorysetup-profiler-allocator-block-size=16777216"
    "memorysetup-profiler-editor-allocator-block-size=1048576"
    "memorysetup-temp-allocator-size-main=16777216"
    "memorysetup-job-temp-allocator-block-size=2097152"
    "memorysetup-job-temp-allocator-block-size-background=1048576"
    "memorysetup-job-temp-allocator-reduction-small-platforms=262144"
    "memorysetup-allocator-temp-initial-block-size-main=262144"
    "memorysetup-allocator-temp-initial-block-size-worker=262144"
    "memorysetup-temp-allocator-size-background-worker=32768"
    "memorysetup-temp-allocator-size-job-worker=262144"
    "memorysetup-temp-allocator-size-preload-manager=33554432"
    "memorysetup-temp-allocator-size-nav-mesh-worker=65536"
    "memorysetup-temp-allocator-size-audio-worker=65536"
    "memorysetup-temp-allocator-size-cloud-worker=32768"
    "memorysetup-temp-allocator-size-gi-baking-worker=262144"
    "memorysetup-temp-allocator-size-gfx=262144"
Player connection [36924]  Target information:

Player connection [36924]  * "[IP] 192.168.216.1 [Port] 0 [Flags] 2 [Guid] 3048582759 [EditorId] 3048582759 [Version] 1048832 [Id] WindowsEditor(7,LAPTOP-76480M49) [Debug] 1 [PackageName] WindowsEditor [ProjectName] Editor" 

Player connection [36924]  * "[IP] 192.168.58.1 [Port] 0 [Flags] 2 [Guid] 3048582759 [EditorId] 3048582759 [Version] 1048832 [Id] WindowsEditor(7,LAPTOP-76480M49) [Debug] 1 [PackageName] WindowsEditor [ProjectName] Editor" 

Player connection [36924]  * "[IP] 10.66.130.134 [Port] 0 [Flags] 2 [Guid] 3048582759 [EditorId] 3048582759 [Version] 1048832 [Id] WindowsEditor(7,LAPTOP-76480M49) [Debug] 1 [PackageName] WindowsEditor [ProjectName] Editor" 

Player connection [36924]  * "[IP] 10.6.178.16 [Port] 0 [Flags] 2 [Guid] 3048582759 [EditorId] 3048582759 [Version] 1048832 [Id] WindowsEditor(7,LAPTOP-76480M49) [Debug] 1 [PackageName] WindowsEditor [ProjectName] Editor" 

Player connection [36924] Host joined multi-casting on [225.0.0.222:54997]...
Player connection [36924] Host joined alternative multi-casting on [225.0.0.222:34997]...
Input System module state changed to: Initialized.
[PhysX] Initialized MultithreadedTaskDispatcher with 16 workers.
Refreshing native plugins compatible for Editor in 13.07 ms, found 3 plugins.
Preloading 0 native plugins for Editor in 0.00 ms.
Initialize engine version: 2022.3.59f1 (630718f645a5)
[Subsystems] Discovering subsystems at path C:/Program Files/Unity/Hub/Editor/2022.3.59f1/Editor/Data/Resources/UnitySubsystems
[Subsystems] Discovering subsystems at path C:/Users/pichu/FinalProjectRepo/FinalProjectAM/Assets
GfxDevice: creating device client; threaded=0; jobified=0
Direct3D:
    Version:  Direct3D 11.0 [level 11.1]
    Renderer: NVIDIA GeForce RTX 3050 Ti Laptop GPU (ID=0x25a0)
    Vendor:   NVIDIA
    VRAM:     3962 MB
    Driver:   32.0.15.7247
Initialize mono
Mono path[0] = 'C:/Program Files/Unity/Hub/Editor/2022.3.59f1/Editor/Data/Managed'
Mono path[1] = 'C:/Program Files/Unity/Hub/Editor/2022.3.59f1/Editor/Data/MonoBleedingEdge/lib/mono/unityjit-win32'
Mono config path = 'C:/Program Files/Unity/Hub/Editor/2022.3.59f1/Editor/Data/MonoBleedingEdge/etc'
Using monoOptions --debugger-agent=transport=dt_socket,embedding=1,server=y,suspend=n,address=127.0.0.1:56188
Begin MonoManager ReloadAssembly
Registering precompiled unity dll's ...
Register platform support module: C:/Program Files/Unity/Hub/Editor/2022.3.59f1/Editor/Data/PlaybackEngines/AndroidPlayer/UnityEditor.Android.Extensions.dll
Register platform support module: C:/Program Files/Unity/Hub/Editor/2022.3.59f1/Editor/Data/PlaybackEngines/WindowsStandaloneSupport/UnityEditor.WindowsStandalone.Extensions.dll
Registered in 0.017741 seconds.
- Loaded All Assemblies, in  0.462 seconds
Native extension for WindowsStandalone target not found
Native extension for Android target not found
Android Extension - Scanning For ADB Devices 480 ms
Mono: successfully reloaded assembly
- Finished resetting the current domain, in  0.896 seconds
Domain Reload Profiling: 1355ms
	BeginReloadAssembly (131ms)
		ExecutionOrderSort (0ms)
		DisableScriptedObjects (0ms)
		BackupInstance (0ms)
		ReleaseScriptingObjects (0ms)
		CreateAndSetChildDomain (1ms)
	RebuildCommonClasses (42ms)
	RebuildNativeTypeToScriptingClass (15ms)
	initialDomainReloadingComplete (82ms)
	LoadAllAssembliesAndSetupDomain (189ms)
		LoadAssemblies (128ms)
		RebuildTransferFunctionScriptingTraits (0ms)
		AnalyzeDomain (186ms)
			TypeCache.Refresh (184ms)
				TypeCache.ScanAssembly (168ms)
			ScanForSourceGeneratedMonoScriptInfo (1ms)
			ResolveRequiredComponents (1ms)
	FinalizeReload (896ms)
		ReleaseScriptCaches (0ms)
		RebuildScriptCaches (0ms)
		SetupLoadedEditorAssemblies (835ms)
			LogAssemblyErrors (0ms)
			InitializePlatformSupportModulesInManaged (635ms)
			SetLoadedEditorAssemblies (5ms)
			RefreshPlugins (0ms)
			BeforeProcessingInitializeOnLoad (2ms)
			ProcessInitializeOnLoadAttributes (138ms)
			ProcessInitializeOnLoadMethodAttributes (54ms)
			AfterProcessingInitializeOnLoad (0ms)
			EditorAssembliesLoaded (0ms)
		ExecutionOrderSort2 (0ms)
		AwakeInstancesAfterBackupRestoration (0ms)
========================================================================
Worker process is ready to serve import requests
Caller must complete domain reload
Begin MonoManager ReloadAssembly
- Loaded All Assemblies, in  0.895 seconds
Native extension for WindowsStandalone target not found
Native extension for Android target not found
Mono: successfully reloaded assembly
- Finished resetting the current domain, in  0.755 seconds
Domain Reload Profiling: 1643ms
	BeginReloadAssembly (198ms)
		ExecutionOrderSort (0ms)
		DisableScriptedObjects (7ms)
		BackupInstance (0ms)
		ReleaseScriptingObjects (0ms)
		CreateAndSetChildDomain (32ms)
	RebuildCommonClasses (49ms)
	RebuildNativeTypeToScriptingClass (16ms)
	initialDomainReloadingComplete (65ms)
	LoadAllAssembliesAndSetupDomain (560ms)
		LoadAssemblies (446ms)
		RebuildTransferFunctionScriptingTraits (0ms)
		AnalyzeDomain (225ms)
			TypeCache.Refresh (193ms)
				TypeCache.ScanAssembly (174ms)
			ScanForSourceGeneratedMonoScriptInfo (22ms)
			ResolveRequiredComponents (9ms)
	FinalizeReload (755ms)
		ReleaseScriptCaches (0ms)
		RebuildScriptCaches (0ms)
		SetupLoadedEditorAssemblies (581ms)
			LogAssemblyErrors (0ms)
			InitializePlatformSupportModulesInManaged (22ms)
			SetLoadedEditorAssemblies (5ms)
			RefreshPlugins (0ms)
			BeforeProcessingInitializeOnLoad (75ms)
			ProcessInitializeOnLoadAttributes (387ms)
			ProcessInitializeOnLoadMethodAttributes (80ms)
			AfterProcessingInitializeOnLoad (12ms)
			EditorAssembliesLoaded (0ms)
		ExecutionOrderSort2 (0ms)
		AwakeInstancesAfterBackupRestoration (8ms)
Launched and connected shader compiler UnityShaderCompiler.exe after 0.29 seconds
Refreshing native plugins compatible for Editor in 8.74 ms, found 3 plugins.
Preloading 0 native plugins for Editor in 0.00 ms.
Unloading 4885 Unused Serialized files (Serialized files now loaded: 0)
Unloading 24 unused Assets / (346.9 KB). Loaded Objects now: 5350.
Memory consumption went from 196.8 MB to 196.5 MB.
Total: 6.889000 ms (FindLiveObjects: 0.441100 ms CreateObjectMapping: 0.399300 ms MarkObjects: 5.821300 ms  DeleteObjects: 0.226300 ms)

AssetImportParameters requested are different than current active one (requested -> active):
  custom:container-demuxer-ogg: 62fdf1f143b41e24485cea50d1cbac27 -> 
  custom:video-codec-MediaFoundation-h265: 746d11721c4dcdbdad8f713fa42b33f4 -> 
  custom:video-decoder-ogg-theora: a1e56fd34408186e4bbccfd4996cb3dc -> 
  custom:framework-win-MediaFoundation: 216162199b28c13a410421893ffa2e32 -> 
  custom:CustomObjectIndexerAttribute: 72b91833f83ae208fae7752999fa3104 -> 
  custom:container-demuxer-webm: 4f35f7cbe854078d1ac9338744f61a02 -> 
  custom:container-muxer-webm: aa71ff27fc2769a1b78a27578f13a17b -> 
  custom:video-decoder-webm-vp8: 9c59270c3fd7afecdb556c50c9e8de78 -> 
  custom:SearchIndexIgnoredProperties: e643bd26f0fe6173181afceb89e7c659 -> 
  custom:AudioImporter_EditorPlatform: d09bf68614088b80899f8185d706f6e7 -> 
  custom:video-encoder-webm-vp8: eb34c28f22e8b96e1ab97ce403110664 -> 
  custom:audio-decoder-ogg-vorbis: bf7c407c2cedff20999df2af8eb42d56 -> 
  custom:audio-encoder-webm-vorbis: bf7c407c2cedff20999df2af8eb42d56 -> 
========================================================================
Received Import Request.
  Time since last request: 17455.832167 seconds.
  path: Assets/SimpleNaturePack/Materials/SimpleNaturePack_BG.mat
  artifactKey: Guid(886ecf0ee44718246aa083d8aad49b79) Importer(2089858483,0ecaa5967403d082aa24f35e1b516d23)
Start importing Assets/SimpleNaturePack/Materials/SimpleNaturePack_BG.mat using Guid(886ecf0ee44718246aa083d8aad49b79) Importer(2089858483,0ecaa5967403d082aa24f35e1b516d23) [PhysX] Initialized MultithreadedTaskDispatcher with 16 workers.
 -> (artifact id: '13b935672ff264c7f3fa7bade6ae3a90') in 0.269975 seconds
Number of updated asset objects reloaded before import = 0
Number of asset objects unloaded after import = 1
========================================================================
Received Prepare
Caller must complete domain reload
Begin MonoManager ReloadAssembly
- Loaded All Assemblies, in  0.465 seconds
Native extension for WindowsStandalone target not found
Native extension for Android target not found
Mono: successfully reloaded assembly
- Finished resetting the current domain, in  0.933 seconds
Domain Reload Profiling: 1395ms
	BeginReloadAssembly (163ms)
		ExecutionOrderSort (0ms)
		DisableScriptedObjects (3ms)
		BackupInstance (0ms)
		ReleaseScriptingObjects (0ms)
		CreateAndSetChildDomain (47ms)
	RebuildCommonClasses (35ms)
	RebuildNativeTypeToScriptingClass (10ms)
	initialDomainReloadingComplete (31ms)
	LoadAllAssembliesAndSetupDomain (223ms)
		LoadAssemblies (269ms)
		RebuildTransferFunctionScriptingTraits (0ms)
		AnalyzeDomain (37ms)
			TypeCache.Refresh (9ms)
				TypeCache.ScanAssembly (0ms)
			ScanForSourceGeneratedMonoScriptInfo (17ms)
			ResolveRequiredComponents (9ms)
	FinalizeReload (934ms)
		ReleaseScriptCaches (0ms)
		RebuildScriptCaches (0ms)
		SetupLoadedEditorAssemblies (360ms)
			LogAssemblyErrors (0ms)
			InitializePlatformSupportModulesInManaged (17ms)
			SetLoadedEditorAssemblies (4ms)
			RefreshPlugins (0ms)
			BeforeProcessingInitializeOnLoad (66ms)
			ProcessInitializeOnLoadAttributes (216ms)
			ProcessInitializeOnLoadMethodAttributes (51ms)
			AfterProcessingInitializeOnLoad (6ms)
			EditorAssembliesLoaded (0ms)
		ExecutionOrderSort2 (0ms)
		AwakeInstancesAfterBackupRestoration (14ms)
Refreshing native plugins compatible for Editor in 5.50 ms, found 3 plugins.
Preloading 0 native plugins for Editor in 0.00 ms.
Unloading 4758 Unused Serialized files (Serialized files now loaded: 0)
Unloading 30 unused Assets / (2.7 MB). Loaded Objects now: 5370.
Memory consumption went from 177.4 MB to 174.6 MB.
Total: 5.522200 ms (FindLiveObjects: 0.410000 ms CreateObjectMapping: 0.352300 ms MarkObjects: 3.147400 ms  DeleteObjects: 1.611500 ms)

Prepare: number of updated asset objects reloaded= 0
AssetImportParameters requested are different than current active one (requested -> active):
  custom:scripting/monoscript/fileName/UnityChanControlScriptWithRgidBody.cs: f93a5d4c41203833745f195667a8d5db -> 
  custom:container-demuxer-ogg: 62fdf1f143b41e24485cea50d1cbac27 -> 
  custom:video-codec-MediaFoundation-h265: 746d11721c4dcdbdad8f713fa42b33f4 -> 
  custom:video-decoder-ogg-theora: a1e56fd34408186e4bbccfd4996cb3dc -> 
  custom:framework-win-MediaFoundation: 216162199b28c13a410421893ffa2e32 -> 
  custom:scripting/monoscript/fileName/SplashScreen.cs: 6c6c37897b93bb9a6c31f7924f0ecb9c -> 
  custom:scripting/monoscript/fileName/SpringManager.cs: 2305b639182e6e0828314a19c0d5a7d0 -> 
  custom:scripting/monoscript/fileName/IdleChanger.cs: e2174b8c7f90f2d49a9c826bcd31f625 -> 
  custom:CustomObjectIndexerAttribute: 72b91833f83ae208fae7752999fa3104 -> 
  custom:scripting/monoscript/fileName/SpringBone.cs: 989f2d558f1c00c3b0c7133fbe676485 -> 
  custom:container-demuxer-webm: 4f35f7cbe854078d1ac9338744f61a02 -> 
  custom:scripting/monoscript/fileName/SpringCollider.cs: 611015d43f843d0a8a816baeac1892d3 -> 
  custom:container-muxer-webm: aa71ff27fc2769a1b78a27578f13a17b -> 
  custom:scripting/monoscript/fileName/RandomWind.cs: be31d0f94b239f7e0b4b46a319d3ba3b -> 
  custom:video-decoder-webm-vp8: 9c59270c3fd7afecdb556c50c9e8de78 -> 
  custom:scripting/monoscript/fileName/AutoBlink.cs: e719fce70f46c90402d12ff39a4f7365 -> 
  custom:scripting/monoscript/fileName/IKCtrlRightHand.cs: 3af9bf3fc39d24bcbc842065abcef555 -> 
  custom:SearchIndexIgnoredProperties: e643bd26f0fe6173181afceb89e7c659 -> 
  custom:AudioImporter_EditorPlatform: d09bf68614088b80899f8185d706f6e7 -> 
  custom:scripting/monoscript/fileName/FaceUpdate.cs: cab0fb8c8d65ae2e8ae8c5b3a02b4d4b -> 
  custom:scripting/monoscript/fileName/CameraController.cs: 237eb1ea9a4c37f8fb087ea1161536eb -> 90f26c7c63924735c23c826b8a781463
  custom:video-encoder-webm-vp8: eb34c28f22e8b96e1ab97ce403110664 -> 
  custom:audio-decoder-ogg-vorbis: bf7c407c2cedff20999df2af8eb42d56 -> 
  custom:scripting/monoscript/fileName/ThirdPersonCamera.cs: 35de7e6ba15e5b9fdadcda09253e7a10 -> 
  custom:audio-encoder-webm-vorbis: bf7c407c2cedff20999df2af8eb42d56 -> 
  custom:scripting/precompiled-assembly-types:Assembly-CSharp-Editor: 72f9c613af69ec1041f3a8b3c66fb9e3 -> aca7125a3389c5f4127a11b74e5e93cb
  custom:scripting/precompiled-assembly-types:Assembly-CSharp: 6730144dd651ff58a52cae5f8d1ed7d2 -> 20cdaaa988618e7c32f4baf96f88c255
  custom:scripting/monoscript/fileName/CreateLocatorHere.cs: eabea7a256020b5a9700a1f9ac468b65 -> 
========================================================================
Received Import Request.
  Time since last request: 270.833921 seconds.
  path: Assets/unity-chan!
  artifactKey: Guid(9bebad8725298ef4cbcd8fe0542fa9c1) Importer(815301076,1909f56bfc062723c751e8b465ee728b)
Start importing Assets/unity-chan! using Guid(9bebad8725298ef4cbcd8fe0542fa9c1) Importer(815301076,1909f56bfc062723c751e8b465ee728b) [PhysX] Initialized MultithreadedTaskDispatcher with 16 workers.
 -> (artifact id: 'a81c33f4188337eb18a4654dd599b7cb') in 0.004982 seconds
Number of updated asset objects reloaded before import = 0
Number of asset objects unloaded after import = 0
========================================================================
Received Import Request.
  Time since last request: 5.860008 seconds.
  path: Assets/unity-chan!/Unity-chan! Model/Prefabs
  artifactKey: Guid(f875c0a860fab1c498f1ed5edcee2b47) Importer(815301076,1909f56bfc062723c751e8b465ee728b)
Start importing Assets/unity-chan!/Unity-chan! Model/Prefabs using Guid(f875c0a860fab1c498f1ed5edcee2b47) Importer(815301076,1909f56bfc062723c751e8b465ee728b) [PhysX] Initialized MultithreadedTaskDispatcher with 16 workers.
 -> (artifact id: '34c367a904f1427efc7a969a7d9124b4') in 0.000822 seconds
Number of updated asset objects reloaded before import = 0
Number of asset objects unloaded after import = 0
========================================================================
Received Import Request.
  Time since last request: 0.532277 seconds.
  path: Assets/unity-chan!/Unity-chan! Model/Scenes
  artifactKey: Guid(f19d8ba5e85097445bfcd84b267e2cb0) Importer(815301076,1909f56bfc062723c751e8b465ee728b)
Start importing Assets/unity-chan!/Unity-chan! Model/Scenes using Guid(f19d8ba5e85097445bfcd84b267e2cb0) Importer(815301076,1909f56bfc062723c751e8b465ee728b) [PhysX] Initialized MultithreadedTaskDispatcher with 16 workers.
 -> (artifact id: '497cdea59384f6bda44a3b11c689d694') in 0.000547 seconds
Number of updated asset objects reloaded before import = 0
Number of asset objects unloaded after import = 0
========================================================================
Received Import Request.
  Time since last request: 1.937243 seconds.
  path: Assets/unity-chan!/Unity-chan! Model/Scenes/ActionCheck.unity
  artifactKey: Guid(82af19ed76a8ed74fb1dd5d45c780da8) Importer(815301076,1909f56bfc062723c751e8b465ee728b)
Start importing Assets/unity-chan!/Unity-chan! Model/Scenes/ActionCheck.unity using Guid(82af19ed76a8ed74fb1dd5d45c780da8) Importer(815301076,1909f56bfc062723c751e8b465ee728b) [PhysX] Initialized MultithreadedTaskDispatcher with 16 workers.
 -> (artifact id: '8b2d24894124ab299e0008fd104d7834') in 0.000708 seconds
Number of updated asset objects reloaded before import = 0
Number of asset objects unloaded after import = 0
========================================================================
Received Import Request.
  Time since last request: 11.413897 seconds.
  path: Assets/unity-chan!/Unity-chan! Model/Art/Models/unitychan.fbx
  artifactKey: Guid(8f0565f23a2b58541a475bd3c1393052) Importer(815301076,1909f56bfc062723c751e8b465ee728b)
Start importing Assets/unity-chan!/Unity-chan! Model/Art/Models/unitychan.fbx using Guid(8f0565f23a2b58541a475bd3c1393052) Importer(815301076,1909f56bfc062723c751e8b465ee728b) [PhysX] Initialized MultithreadedTaskDispatcher with 16 workers.
[PhysX] Initialized MultithreadedTaskDispatcher with 16 workers.
[PhysX] Initialized MultithreadedTaskDispatcher with 16 workers.
[PhysX] Initialized MultithreadedTaskDispatcher with 16 workers.
[PhysX] Initialized MultithreadedTaskDispatcher with 16 workers.
[PhysX] Initialized MultithreadedTaskDispatcher with 16 workers.
[PhysX] Initialized MultithreadedTaskDispatcher with 16 workers.
[PhysX] Initialized MultithreadedTaskDispatcher with 16 workers.
[PhysX] Initialized MultithreadedTaskDispatcher with 16 workers.
[PhysX] Initialized MultithreadedTaskDispatcher with 16 workers.
[PhysX] Initialized MultithreadedTaskDispatcher with 16 workers.
[PhysX] Initialized MultithreadedTaskDispatcher with 16 workers.
[PhysX] Initialized MultithreadedTaskDispatcher with 16 workers.
[PhysX] Initialized MultithreadedTaskDispatcher with 16 workers.
[PhysX] Initialized MultithreadedTaskDispatcher with 16 workers.
[PhysX] Initialized MultithreadedTaskDispatcher with 16 workers.
[PhysX] Initialized MultithreadedTaskDispatcher with 16 workers.
[PhysX] Initialized MultithreadedTaskDispatcher with 16 workers.
[PhysX] Initialized MultithreadedTaskDispatcher with 16 workers.
[PhysX] Initialized MultithreadedTaskDispatcher with 16 workers.
[PhysX] Initialized MultithreadedTaskDispatcher with 16 workers.
[PhysX] Initialized MultithreadedTaskDispatcher with 16 workers.
[PhysX] Initialized MultithreadedTaskDispatcher with 16 workers.
[PhysX] Initialized MultithreadedTaskDispatcher with 16 workers.
[PhysX] Initialized MultithreadedTaskDispatcher with 16 workers.
[PhysX] Initialized MultithreadedTaskDispatcher with 16 workers.
[PhysX] Initialized MultithreadedTaskDispatcher with 16 workers.
 -> (artifact id: 'f635909345b90257a5c5c73980e5fe3a') in 0.442247 seconds
Number of updated asset objects reloaded before import = 0
Number of asset objects unloaded after import = 438
========================================================================
Received Import Request.
  Time since last request: 13.233303 seconds.
  path: Assets/unity-chan!/Unity-chan! Model/Documentation/UnityChanLicense2.0/License Logo/LUUL_LOGO_rules02.ai
  artifactKey: Guid(85eaf320b5a92704998d172e033cac16) Importer(2089858483,0ecaa5967403d082aa24f35e1b516d23)
Start importing Assets/unity-chan!/Unity-chan! Model/Documentation/UnityChanLicense2.0/License Logo/LUUL_LOGO_rules02.ai using Guid(85eaf320b5a92704998d172e033cac16) Importer(2089858483,0ecaa5967403d082aa24f35e1b516d23) [PhysX] Initialized MultithreadedTaskDispatcher with 16 workers.
 -> (artifact id: '0f1f5368f09cb600fa4051bae8dc90b3') in 0.167218 seconds
Number of updated asset objects reloaded before import = 0
Number of asset objects unloaded after import = 1
========================================================================
Received Import Request.
  Time since last request: 0.000029 seconds.
  path: Assets/unity-chan!/Unity-chan! Model/Audio/Voice/univ1056.wav
  artifactKey: Guid(c61a0e3b19b8243ee94b855392f15b66) Importer(2089858483,0ecaa5967403d082aa24f35e1b516d23)
Start importing Assets/unity-chan!/Unity-chan! Model/Audio/Voice/univ1056.wav using Guid(c61a0e3b19b8243ee94b855392f15b66) Importer(2089858483,0ecaa5967403d082aa24f35e1b516d23) [PhysX] Initialized MultithreadedTaskDispatcher with 16 workers.
 -> (artifact id: '6f01719b4c3535699e590712c34da5c6') in 0.055988 seconds
Number of updated asset objects reloaded before import = 0
Number of asset objects unloaded after import = 1
========================================================================
Received Import Request.
  Time since last request: 0.000039 seconds.
  path: Assets/unity-chan!/Unity-chan! Model/Documentation/UnityChanLicense2.0/License Logo/Others/svg/Light_Silhouette.svg
  artifactKey: Guid(872f46857b0149146b3f13872d3d0d09) Importer(2089858483,0ecaa5967403d082aa24f35e1b516d23)
Start importing Assets/unity-chan!/Unity-chan! Model/Documentation/UnityChanLicense2.0/License Logo/Others/svg/Light_Silhouette.svg using Guid(872f46857b0149146b3f13872d3d0d09) Importer(2089858483,0ecaa5967403d082aa24f35e1b516d23) [PhysX] Initialized MultithreadedTaskDispatcher with 16 workers.
 -> (artifact id: 'df142375646eef50c58330a8d7acd044') in 0.018701 seconds
Number of updated asset objects reloaded before import = 0
Number of asset objects unloaded after import = 1
========================================================================
Received Import Request.
  Time since last request: 0.000024 seconds.
  path: Assets/unity-chan!/Unity-chan! Model/Prefabs/for Locomotion/Main Camera.prefab
  artifactKey: Guid(79674db77adfc4d6f9f17fb043493b1e) Importer(2089858483,3d70f49cd1c2eb9ae422958d1c652c6b)
Start importing Assets/unity-chan!/Unity-chan! Model/Prefabs/for Locomotion/Main Camera.prefab using Guid(79674db77adfc4d6f9f17fb043493b1e) Importer(2089858483,3d70f49cd1c2eb9ae422958d1c652c6b) [PhysX] Initialized MultithreadedTaskDispatcher with 16 workers.
 -> (artifact id: '0aad0cd0b48975d62abf9c60adb9ab1f') in 0.022704 seconds
Number of updated asset objects reloaded before import = 0
Number of asset objects unloaded after import = 8
========================================================================
Received Import Request.
  Time since last request: 0.000025 seconds.
  path: Assets/unity-chan!/Unity-chan! Model/Audio/Voice/univ0004.wav
  artifactKey: Guid(adf7488d7a7d741409ceb3f11b90852b) Importer(2089858483,0ecaa5967403d082aa24f35e1b516d23)
Start importing Assets/unity-chan!/Unity-chan! Model/Audio/Voice/univ0004.wav using Guid(adf7488d7a7d741409ceb3f11b90852b) Importer(2089858483,0ecaa5967403d082aa24f35e1b516d23) [PhysX] Initialized MultithreadedTaskDispatcher with 16 workers.
 -> (artifact id: '0940a4fce87f7d61150891f32a7ba71c') in 0.042257 seconds
Number of updated asset objects reloaded before import = 0
Number of asset objects unloaded after import = 1
========================================================================
Received Import Request.
  Time since last request: 0.000029 seconds.
  path: Assets/unity-chan!/Unity-chan! Model/Audio/Voice/univ1195.wav
  artifactKey: Guid(201c1b72fb6cb43a9b51ac183c7cacfa) Importer(2089858483,0ecaa5967403d082aa24f35e1b516d23)
Start importing Assets/unity-chan!/Unity-chan! Model/Audio/Voice/univ1195.wav using Guid(201c1b72fb6cb43a9b51ac183c7cacfa) Importer(2089858483,0ecaa5967403d082aa24f35e1b516d23) [PhysX] Initialized MultithreadedTaskDispatcher with 16 workers.
 -> (artifact id: '105f3c85f2f5e8471c0e0add0a969ff6') in 0.040682 seconds
Number of updated asset objects reloaded before import = 0
Number of asset objects unloaded after import = 1
========================================================================
Received Import Request.
  Time since last request: 0.000029 seconds.
  path: Assets/unity-chan!/Unity-chan! Model/Art/Stage/Materials
  artifactKey: Guid(0cf9cebbc81b1463ab6d198506143d28) Importer(2089858483,0ecaa5967403d082aa24f35e1b516d23)
Start importing Assets/unity-chan!/Unity-chan! Model/Art/Stage/Materials using Guid(0cf9cebbc81b1463ab6d198506143d28) Importer(2089858483,0ecaa5967403d082aa24f35e1b516d23) [PhysX] Initialized MultithreadedTaskDispatcher with 16 workers.
 -> (artifact id: '55be4b3d7f7445990937b308954b27d8') in 0.018693 seconds
Number of updated asset objects reloaded before import = 0
Number of asset objects unloaded after import = 1
========================================================================
Received Import Request.
  Time since last request: 0.000024 seconds.
  path: Assets/unity-chan!/Unity-chan! Model/Audio/Voice/univ1228.wav
  artifactKey: Guid(e83a15fba18f443ed8e4aa6f16600e18) Importer(2089858483,0ecaa5967403d082aa24f35e1b516d23)
Start importing Assets/unity-chan!/Unity-chan! Model/Audio/Voice/univ1228.wav using Guid(e83a15fba18f443ed8e4aa6f16600e18) Importer(2089858483,0ecaa5967403d082aa24f35e1b516d23) [PhysX] Initialized MultithreadedTaskDispatcher with 16 workers.
 -> (artifact id: 'ee0c9b0d4490e3e49831e34912346f0d') in 0.040182 seconds
Number of updated asset objects reloaded before import = 0
Number of asset objects unloaded after import = 1
========================================================================
Received Import Request.
  Time since last request: 0.000032 seconds.
  path: Assets/unity-chan!/Unity-chan! Model/Audio/Voice/univ1253.wav
  artifactKey: Guid(c680172e9ee284460a1f0f344e05ac59) Importer(2089858483,0ecaa5967403d082aa24f35e1b516d23)
Start importing Assets/unity-chan!/Unity-chan! Model/Audio/Voice/univ1253.wav using Guid(c680172e9ee284460a1f0f344e05ac59) Importer(2089858483,0ecaa5967403d082aa24f35e1b516d23) [PhysX] Initialized MultithreadedTaskDispatcher with 16 workers.
 -> (artifact id: '6589607020a3f5df3196749dada61f26') in 0.038115 seconds
Number of updated asset objects reloaded before import = 0
Number of asset objects unloaded after import = 1
========================================================================
Received Import Request.
  Time since last request: 0.000038 seconds.
  path: Assets/unity-chan!/Unity-chan! Model/Audio/Voice/univ1071.wav
  artifactKey: Guid(de03c730edc7c4c48a1bc14689c8e68a) Importer(2089858483,0ecaa5967403d082aa24f35e1b516d23)
Start importing Assets/unity-chan!/Unity-chan! Model/Audio/Voice/univ1071.wav using Guid(de03c730edc7c4c48a1bc14689c8e68a) Importer(2089858483,0ecaa5967403d082aa24f35e1b516d23) [PhysX] Initialized MultithreadedTaskDispatcher with 16 workers.
 -> (artifact id: '371f2cee64268fc8bb0a601ebba88c0f') in 0.042862 seconds
Number of updated asset objects reloaded before import = 0
Number of asset objects unloaded after import = 1
========================================================================
Received Import Request.
  Time since last request: 0.000026 seconds.
  path: Assets/unity-chan!/Unity-chan! Model/Audio/Voice/univ1239.wav
  artifactKey: Guid(69567dd0a109f456fa0f94715a2f8949) Importer(2089858483,0ecaa5967403d082aa24f35e1b516d23)
Start importing Assets/unity-chan!/Unity-chan! Model/Audio/Voice/univ1239.wav using Guid(69567dd0a109f456fa0f94715a2f8949) Importer(2089858483,0ecaa5967403d082aa24f35e1b516d23) [PhysX] Initialized MultithreadedTaskDispatcher with 16 workers.
 -> (artifact id: 'ca101d9b1d74f6969e33b854fd913746') in 0.040097 seconds
Number of updated asset objects reloaded before import = 0
Number of asset objects unloaded after import = 1
========================================================================
Received Import Request.
  Time since last request: 0.000031 seconds.
  path: Assets/unity-chan!/Unity-chan! Model/Audio/Voice/univ1043.wav
  artifactKey: Guid(134a343f4bcb142dc9ddd15b85071394) Importer(2089858483,0ecaa5967403d082aa24f35e1b516d23)
Start importing Assets/unity-chan!/Unity-chan! Model/Audio/Voice/univ1043.wav using Guid(134a343f4bcb142dc9ddd15b85071394) Importer(2089858483,0ecaa5967403d082aa24f35e1b516d23) [PhysX] Initialized MultithreadedTaskDispatcher with 16 workers.
 -> (artifact id: 'f77de1b051542319e66a7603c0c62f73') in 0.040715 seconds
Number of updated asset objects reloaded before import = 0
Number of asset objects unloaded after import = 1
========================================================================
Received Import Request.
  Time since last request: 0.000044 seconds.
  path: Assets/unity-chan!/Unity-chan! Model/Audio/Voice/univ1224.wav
  artifactKey: Guid(ddebc805fb241496180935a2af81b6e1) Importer(2089858483,0ecaa5967403d082aa24f35e1b516d23)
Start importing Assets/unity-chan!/Unity-chan! Model/Audio/Voice/univ1224.wav using Guid(ddebc805fb241496180935a2af81b6e1) Importer(2089858483,0ecaa5967403d082aa24f35e1b516d23) [PhysX] Initialized MultithreadedTaskDispatcher with 16 workers.
 -> (artifact id: 'a729277cbbeabc4f03c4107aa20e3431') in 0.050170 seconds
Number of updated asset objects reloaded before import = 0
Number of asset objects unloaded after import = 1
========================================================================
Received Import Request.
  Time since last request: 0.000031 seconds.
  path: Assets/unity-chan!/Unity-chan! Model/Scenes/ARPoseTest.unity
  artifactKey: Guid(dc19d125674d55e4395fbb75f6d6f855) Importer(2089858483,3d70f49cd1c2eb9ae422958d1c652c6b)
Start importing Assets/unity-chan!/Unity-chan! Model/Scenes/ARPoseTest.unity using Guid(dc19d125674d55e4395fbb75f6d6f855) Importer(2089858483,3d70f49cd1c2eb9ae422958d1c652c6b) [PhysX] Initialized MultithreadedTaskDispatcher with 16 workers.
Opening scene 'Assets/unity-chan!/Unity-chan! Model/Scenes/ARPoseTest.unity additively'
LightingSettings: switching bake backend from 1 to 0.
Loaded scene 'Assets/unity-chan!/Unity-chan! Model/Scenes/ARPoseTest.unity'
	Deserialize:            19.600 ms
	Integration:            47.827 ms
	Integration of assets:  1.031 ms
	Thread Wait Time:       0.032 ms
	Total Operation Time:   68.492 ms
 -> (artifact id: '4d374647076dfe9019c08825d0770d19') in 0.188621 seconds
Number of updated asset objects reloaded before import = 0
Number of asset objects unloaded after import = 580
========================================================================
Received Import Request.
  Time since last request: 0.000048 seconds.
  path: Assets/unity-chan!/Unity-chan! Model/SplashScreen/SplashScreen_Light.unity
  artifactKey: Guid(3ad4f8c442f444c5e966898c99704b0f) Importer(2089858483,3d70f49cd1c2eb9ae422958d1c652c6b)
Start importing Assets/unity-chan!/Unity-chan! Model/SplashScreen/SplashScreen_Light.unity using Guid(3ad4f8c442f444c5e966898c99704b0f) Importer(2089858483,3d70f49cd1c2eb9ae422958d1c652c6b) [PhysX] Initialized MultithreadedTaskDispatcher with 16 workers.
Opening scene 'Assets/unity-chan!/Unity-chan! Model/SplashScreen/SplashScreen_Light.unity additively'
LightingSettings: switching bake backend from 1 to 0.
Loaded scene 'Assets/unity-chan!/Unity-chan! Model/SplashScreen/SplashScreen_Light.unity'
	Deserialize:            0.991 ms
	Integration:            5.826 ms
	Integration of assets:  0.002 ms
	Thread Wait Time:       0.008 ms
	Total Operation Time:   6.826 ms
 -> (artifact id: '4ea3a28d4c5b0c8da55e8d5575ea7c6d') in 0.026065 seconds
Number of updated asset objects reloaded before import = 0
Number of asset objects unloaded after import = 15
========================================================================
Received Import Request.
  Time since last request: 0.000034 seconds.
  path: Assets/unity-chan!/Unity-chan! Model/SplashScreen/Animators/SplashScreen.controller
  artifactKey: Guid(a37f6aca9c6bf45fa819c001b4e8016e) Importer(2089858483,0ecaa5967403d082aa24f35e1b516d23)
Start importing Assets/unity-chan!/Unity-chan! Model/SplashScreen/Animators/SplashScreen.controller using Guid(a37f6aca9c6bf45fa819c001b4e8016e) Importer(2089858483,0ecaa5967403d082aa24f35e1b516d23) [PhysX] Initialized MultithreadedTaskDispatcher with 16 workers.
 -> (artifact id: 'f6de243b303bb6a4c550681c9fd0898f') in 0.020845 seconds
Number of updated asset objects reloaded before import = 0
Number of asset objects unloaded after import = 10
========================================================================
Received Import Request.
  Time since last request: 0.000029 seconds.
  path: Assets/unity-chan!/Unity-chan! Model/Prefabs/unitychan.prefab
  artifactKey: Guid(412b92d4feeb9c548bfa98f62c4d1022) Importer(2089858483,3d70f49cd1c2eb9ae422958d1c652c6b)
Start importing Assets/unity-chan!/Unity-chan! Model/Prefabs/unitychan.prefab using Guid(412b92d4feeb9c548bfa98f62c4d1022) Importer(2089858483,3d70f49cd1c2eb9ae422958d1c652c6b) [PhysX] Initialized MultithreadedTaskDispatcher with 16 workers.
 -> (artifact id: '206f9027bb815ed326b9be7994431afe') in 0.085460 seconds
Number of updated asset objects reloaded before import = 0
Number of asset objects unloaded after import = 423
Editor requested this worker to shutdown with reason: balancing worker count downwards
TcpMessagingSession - receive error: operation aborted. errorcode: 995, details: The I/O operation has been aborted because of either a thread exit or an application request.
AssetImportWorker is now disconnected from the server
Process exiting
Exiting without the bug reporter. Application will terminate with return code 0